<?xml version="1.0" encoding="UTF-8"?>
<!-- Generated by org.testng.reporters.JUnitReportReporter -->
<testsuite hostname="milind-Latitude-3420" failures="0" tests="1" name="TestCases.Agent_LoginTest" time="12.125" errors="0" timestamp="2023-07-20T22:19:36 IST" skipped="0">
  <testcase classname="TestCases.Agent_LoginTest" name="TC02_AgentFlow" time="12.125"/>
  <system-out/>
</testsuite> <!-- TestCases.Agent_LoginTest -->
