<?xml version="1.0" encoding="UTF-8"?>
<!-- Generated by org.testng.reporters.JUnitReportReporter -->
<testsuite hostname="milind-Latitude-3420" failures="0" tests="1" name="TestCases.Customer_login" time="13.483" errors="0" timestamp="2023-07-20T22:25:35 IST" skipped="0">
  <testcase classname="TestCases.Customer_login" name="TC01_CustomerFlow" time="13.483"/>
  <system-out/>
</testsuite> <!-- TestCases.Customer_login -->
